<!DOCTYPE html PUBLIC "-//W3C//DTD XHTML 1.1//EN" "https://www.w3.org/TR/xhtml11/DTD/xhtml11.dtd">
<html xmlns="https://www.w3.org/1999/xhtml">
<head>
<meta http-equiv="content-type" content="text/html; charset=UTF-8"/>
<title>TestNG Report</title>
<style type="text/css">table {margin-bottom:10px;border-collapse:collapse;empty-cells:show}th,td {border:1px solid #009;padding:.25em .5em}th {vertical-align:bottom}td {vertical-align:top}table a {font-weight:bold}.stripe td {background-color: #E6EBF9}.num {text-align:right}.passedodd td {background-color: #3F3}.passedeven td {background-color: #0A0}.skippedodd td {background-color: #DDD}.skippedeven td {background-color: #CCC}.failedodd td,.attn {background-color: #F33}.failedeven td,.stripe .attn {background-color: #D00}.stacktrace {white-space:pre;font-family:monospace}.totop {font-size:85%;text-align:center;border-bottom:2px solid #000}.invisible {display:none}</style>
</head>
<body>
<table>
<tr><th>Test</th><th># Passed</th><th># Skipped</th><th># Retried</th><th># Failed</th><th>Time (ms)</th><th>Included Groups</th><th>Excluded Groups</th></tr>
<tr><th colspan="8">Suite</th></tr>
<tr><td><a href="#t0">Test</a></td><td class="num">3</td><td class="num">0</td><td class="num">0</td><td class="num attn">1</td><td class="num">32,578</td><td></td><td></td></tr>
<tr class="stripe"><td><a href="#t1">chromeTest</a></td><td class="num">3</td><td class="num">0</td><td class="num">0</td><td class="num attn">1</td><td class="num">15,027</td><td></td><td></td></tr>
<tr><th>Total</th><th class="num">6</th><th class="num">0</th><th class="num">0</th><th class="num attn">2</th><th class="num">47,605</th><th colspan="2"></th></tr>
</table>
<table id='summary'><thead><tr><th>Class</th><th>Method</th><th>Start</th><th>Time (ms)</th></tr></thead><tbody><tr><th colspan="4">Suite</th></tr></tbody><tbody id="t0"><tr><th colspan="4">Test &#8212; failed</th></tr><tr class="failedeven"><td rowspan="1">com.saucedemo.TestPack.TC04_VerifyAllProductsAddToCartFunctionality</td><td><a href="#m0">verifyAllProductsAddToCart</a></td><td rowspan="1">1668685404828</td><td rowspan="1">947</td></tr><tr><th colspan="4">Test &#8212; passed</th></tr><tr class="passedeven"><td rowspan="1">com.saucedemo.TestPack.TC01_VerifyLoginFunctionality</td><td><a href="#m1">verifyLogin</a></td><td rowspan="1">1668685382300</td><td rowspan="1">178</td></tr><tr class="passedodd"><td rowspan="1">com.saucedemo.TestPack.TC02_VerifyLogOutFunctionality</td><td><a href="#m2">verifyLogout</a></td><td rowspan="1">1668685389816</td><td rowspan="1">796</td></tr><tr class="passedeven"><td rowspan="1">com.saucedemo.TestPack.TC03_Verify_BagProduct_AddToCart_Functionality</td><td><a href="#m3">verifyBagProductAddToCart</a></td><td rowspan="1">1668685397826</td><td rowspan="1">365</td></tr></tbody>
<tbody id="t1"><tr><th colspan="4">chromeTest &#8212; failed</th></tr><tr class="failedeven"><td rowspan="1">com.saucedemo.TestPack.TC04_VerifyAllProductsAddToCartFunctionality</td><td><a href="#m4">verifyAllProductsAddToCart</a></td><td rowspan="1">1668685421420</td><td rowspan="1">389</td></tr><tr><th colspan="4">chromeTest &#8212; passed</th></tr><tr class="passedeven"><td rowspan="1">com.saucedemo.TestPack.TC01_VerifyLoginFunctionality</td><td><a href="#m5">verifyLogin</a></td><td rowspan="1">1668685410743</td><td rowspan="1">491</td></tr><tr class="passedodd"><td rowspan="1">com.saucedemo.TestPack.TC02_VerifyLogOutFunctionality</td><td><a href="#m6">verifyLogout</a></td><td rowspan="1">1668685414435</td><td rowspan="1">686</td></tr><tr class="passedeven"><td rowspan="1">com.saucedemo.TestPack.TC03_Verify_BagProduct_AddToCart_Functionality</td><td><a href="#m7">verifyBagProductAddToCart</a></td><td rowspan="1">1668685418154</td><td rowspan="1">275</td></tr></tbody>
</table>
<h2>Test</h2><h3 id="m0">com.saucedemo.TestPack.TC04_VerifyAllProductsAddToCartFunctionality#verifyAllProductsAddToCart</h3><table class="result"><tr><th>Exception</th></tr><tr><td><div class="stacktrace">java.lang.AssertionError: expected [6] but found [3]
	at com.saucedemo.TestPack.TC04_VerifyAllProductsAddToCartFunctionality.verifyAllProductsAddToCart(TC04_VerifyAllProductsAddToCartFunctionality.java:33)
	at java.base/java.util.ArrayList.forEach(ArrayList.java:1511)
... Removed 33 stack frames</div></td></tr></table><p class="totop"><a href="#summary">back to summary</a></p>
<h3 id="m1">com.saucedemo.TestPack.TC01_VerifyLoginFunctionality#verifyLogin</h3><table class="result"><tr><th class="invisible"/></tr></table><p class="totop"><a href="#summary">back to summary</a></p>
<h3 id="m2">com.saucedemo.TestPack.TC02_VerifyLogOutFunctionality#verifyLogout</h3><table class="result"><tr><th class="invisible"/></tr></table><p class="totop"><a href="#summary">back to summary</a></p>
<h3 id="m3">com.saucedemo.TestPack.TC03_Verify_BagProduct_AddToCart_Functionality#verifyBagProductAddToCart</h3><table class="result"><tr><th class="invisible"/></tr></table><p class="totop"><a href="#summary">back to summary</a></p>
<h2>chromeTest</h2><h3 id="m4">com.saucedemo.TestPack.TC04_VerifyAllProductsAddToCartFunctionality#verifyAllProductsAddToCart</h3><table class="result"><tr><th>Exception</th></tr><tr><td><div class="stacktrace">java.lang.AssertionError: expected [6] but found [3]
	at com.saucedemo.TestPack.TC04_VerifyAllProductsAddToCartFunctionality.verifyAllProductsAddToCart(TC04_VerifyAllProductsAddToCartFunctionality.java:33)
	at java.base/java.util.ArrayList.forEach(ArrayList.java:1511)
... Removed 33 stack frames</div></td></tr></table><p class="totop"><a href="#summary">back to summary</a></p>
<h3 id="m5">com.saucedemo.TestPack.TC01_VerifyLoginFunctionality#verifyLogin</h3><table class="result"><tr><th class="invisible"/></tr></table><p class="totop"><a href="#summary">back to summary</a></p>
<h3 id="m6">com.saucedemo.TestPack.TC02_VerifyLogOutFunctionality#verifyLogout</h3><table class="result"><tr><th class="invisible"/></tr></table><p class="totop"><a href="#summary">back to summary</a></p>
<h3 id="m7">com.saucedemo.TestPack.TC03_Verify_BagProduct_AddToCart_Functionality#verifyBagProductAddToCart</h3><table class="result"><tr><th class="invisible"/></tr></table><p class="totop"><a href="#summary">back to summary</a></p>
</body>
</html>
